{
  "RSpec": {
    "coverage": {
      "/Users/lukewebster/projects/tech-test/bank-test/spec/bank_app_spec.rb": [
        1,
        null,
        1,
        8,
        8,
        null,
        null,
        1,
        1,
        1,
        null,
        null,
        1,
        2,
        null,
        null,
        null,
        1,
        1,
        1,
        null,
        null,
        null,
        1,
        1,
        1,
        1,
        1,
        null,
        null,
        null,
        null,
        1,
        2,
        null,
        null,
        null,
        1,
        1,
        1,
        null,
        null,
        1,
        1,
        1,
        1,
        null,
        null,
        null,
        null
      ],
      "/Users/lukewebster/projects/tech-test/bank-test/lib/bank.rb": [
        1,
        null,
        1,
        null,
        1,
        null,
        1,
        9,
        9,
        9,
        null,
        null,
        null,
        1,
        0,
        0,
        0,
        null,
        null,
        null,
        1,
        1,
        1,
        5,
        null,
        null,
        null,
        1,
        3,
        null,
        0,
        0,
        null,
        1,
        1,
        null,
        0,
        null,
        1,
        null,
        0,
        null,
        1,
        null,
        null,
        null,
        1,
        1,
        1,
        1,
        1,
        1,
        null,
        null,
        1,
        1,
        null,
        null,
        1,
        2,
        null,
        null,
        1,
        1,
        null,
        null,
        null,
        null,
        1
      ],
      "/Users/lukewebster/projects/tech-test/bank-test/lib/transaction.rb": [
        1,
        1,
        null,
        null,
        1,
        4,
        null,
        null,
        1,
        1,
        null,
        null,
        null
      ],
      "/Users/lukewebster/projects/tech-test/bank-test/spec/bank_feature_spec.rb": [
        1,
        1,
        null,
        1,
        1,
        null,
        1,
        1,
        1,
        null,
        null,
        1,
        1,
        1,
        2,
        null,
        null,
        null,
        null,
        null,
        null,
        null,
        null,
        null,
        null,
        null,
        null
      ],
      "/Users/lukewebster/projects/tech-test/bank-test/spec/transaction_spec.rb": [
        1,
        null,
        1,
        3,
        null,
        1,
        1,
        1,
        null,
        null,
        1,
        1,
        1,
        null,
        null,
        null,
        null
      ]
    },
    "timestamp": 1474297041
  }
}
